25-Feb-20 17:06:02 - The length of array with categories_names is: 24
25-Feb-20 17:06:02 - The length of array with categories_href is: 24
25-Feb-20 17:06:02 - Category: ['Новинки', 'Наша марка', 'Овощи, фрукты, ягоды, зелень, грибы', 'Молоко, сыр, яйцо', 'Мясо, птица, колбасы', 'Рыба, икра, морепродукты', 'Крупы, масло, консервы, соусы, орехи', 'Вода, соки, напитки', 'Хлеб, хлебцы, выпечка', 'Сладости, торты, пирожные', 'Чай, кофе, какао', 'Детское питание, уход, игрушки', 'Замороженные продукты, мороженое', 'Готовые блюда, наборы для приготовления', 'Здоровое питание, экологичные товары', 'ВкусВилл', 'Стирка, уборка, уход за обувью', 'Косметика, личная гигиена', 'Зоомагазин', 'Товары для дома, дачи, авто', 'Спортивное питание, аксессуары', 'Канцтовары, все для праздника,  журналы', 'Аптека', 'Любимые бренды']
25-Feb-20 17:06:02 - The dict with names and hrefs is written
25-Feb-20 17:06:14 - --------------------------------------------------------------------------------------------------------------------------------------------------
25-Feb-20 17:06:14 - We have similar 2 <<name=Десерт Даниссимо Deluxe с бархатным манго и белым бельгийским шоколадом 160 г>> in 2   page!!!!!!!!!!!!!
25-Feb-20 17:06:16 - --------------------------------------------------------------------------------------------------------------------------------------------------
25-Feb-20 17:06:16 - We have similar 2 <<name=Мармелад жевательный Бон Пари Sour Hearts фигурный со вкусом ягод 65 г>> in 3   page!!!!!!!!!!!!!
25-Feb-20 17:06:17 - --------------------------------------------------------------------------------------------------------------------------------------------------
25-Feb-20 17:06:17 - We have similar 2 <<name=Корм для кошек Whiskas мини-филе говядина желе 24*85г>> in 4   page!!!!!!!!!!!!!
25-Feb-20 17:06:17 - --------------------------------------------------------------------------------------------------------------------------------------------------
25-Feb-20 17:06:17 - We have similar 2 <<name=Пирожное Суфле Б,Ю,Александров с молочным шоколадом 250 г>> in 4   page!!!!!!!!!!!!!
25-Feb-20 17:06:21 - --------------------------------------------------------------------------------------------------------------------------------------------------
25-Feb-20 17:06:21 - We have similar 2 <<name=Икра имитированная Европром Vegan красная 100 г>> in 6   page!!!!!!!!!!!!!
25-Feb-20 17:06:26 - --------------------------------------------------------------------------------------------------------------------------------------------------
25-Feb-20 17:06:26 - We have similar 2 <<name=Йогурт питьевой Versa с кокосовым желе в сиропе с гуавой яблоком и драгонфрутом 235 г>> in 8   page!!!!!!!!!!!!!
25-Feb-20 17:06:27 - --------------------------------------------------------------------------------------------------------------------------------------------------
25-Feb-20 17:06:27 - We have similar 2 <<name=Напиток соевый Terraepane ванильный 1 л>> in 9   page!!!!!!!!!!!!!
25-Feb-20 17:06:31 - --------------------------------------------------------------------------------------------------------------------------------------------------
25-Feb-20 17:06:31 - We have similar 2 <<name=Йогурт Полезные продукты питьевой Лимон-имбирь 1,5% 250г>> in 11   page!!!!!!!!!!!!!
25-Feb-20 17:06:35 - --------------------------------------------------------------------------------------------------------------------------------------------------
25-Feb-20 17:06:35 - We have similar 2 <<name=Подарочный набор Фамилия Люкс>> in 13   page!!!!!!!!!!!!!
25-Feb-20 17:06:35 - --------------------------------------------------------------------------------------------------------------------------------------------------
25-Feb-20 17:06:35 - We have similar 2 <<name=Подарочный набор Фамилия Премиум>> in 13   page!!!!!!!!!!!!!
25-Feb-20 17:06:41 - --------------------------------------------------------------------------------------------------------------------------------------------------
25-Feb-20 17:06:41 - We have similar 2 <<name=Подарочный набор Фамилия Эксклюзив>> in 16   page!!!!!!!!!!!!!
25-Feb-20 17:06:44 - --------------------------------------------------------------------------------------------------------------------------------------------------
25-Feb-20 17:06:44 - We have similar 2 <<name=Мини-печенье сдобное Green Up органическое с матчей и лимоном 120г>> in 18   page!!!!!!!!!!!!!
25-Feb-20 17:07:30 - https://www.utkonos.ru/cat/4515 #Pages:42            #Goods:1307       
25-Feb-20 17:07:30 - Category name: Новинки, Counter 1
25-Feb-20 17:07:30 - --------------------------------------------------------------------------------------------------------------------------------------------------
25-Feb-20 17:07:37 - https://www.utkonos.ru/cat/5526 #Pages:4             #Goods:97         
25-Feb-20 17:07:37 - Category name: Наша марка, Counter 2
25-Feb-20 17:07:37 - --------------------------------------------------------------------------------------------------------------------------------------------------
25-Feb-20 17:08:43 - https://www.utkonos.ru/cat/27 #Pages:38            #Goods:1156       
25-Feb-20 17:08:43 - Category name: Овощи, фрукты, ягоды, зелень, грибы, Counter 3
25-Feb-20 17:08:43 - --------------------------------------------------------------------------------------------------------------------------------------------------
25-Feb-20 17:12:38 - https://www.utkonos.ru/cat/10 #Pages:95            #Goods:2864       
25-Feb-20 17:12:38 - Category name: Молоко, сыр, яйцо, Counter 4
25-Feb-20 17:12:38 - --------------------------------------------------------------------------------------------------------------------------------------------------
25-Feb-20 17:14:12 - https://www.utkonos.ru/cat/7 #Pages:49            #Goods:1485       
25-Feb-20 17:14:12 - Category name: Мясо, птица, колбасы, Counter 5
25-Feb-20 17:14:12 - --------------------------------------------------------------------------------------------------------------------------------------------------
25-Feb-20 17:14:42 - https://www.utkonos.ru/cat/77 #Pages:21            #Goods:623        
25-Feb-20 17:14:42 - Category name: Рыба, икра, морепродукты, Counter 6
25-Feb-20 17:14:42 - --------------------------------------------------------------------------------------------------------------------------------------------------
25-Feb-20 17:22:18 - https://www.utkonos.ru/cat/40 #Pages:144           #Goods:4300       
25-Feb-20 17:22:18 - Category name: Крупы, масло, консервы, соусы, орехи, Counter 7
25-Feb-20 17:22:18 - --------------------------------------------------------------------------------------------------------------------------------------------------
25-Feb-20 17:23:27 - https://www.utkonos.ru/cat/65 #Pages:38            #Goods:1131       
25-Feb-20 17:23:27 - Category name: Вода, соки, напитки, Counter 8
25-Feb-20 17:23:27 - --------------------------------------------------------------------------------------------------------------------------------------------------
25-Feb-20 17:23:50 - https://www.utkonos.ru/cat/5768 #Pages:16            #Goods:457        
25-Feb-20 17:23:50 - Category name: Хлеб, хлебцы, выпечка, Counter 9
25-Feb-20 17:23:50 - --------------------------------------------------------------------------------------------------------------------------------------------------
25-Feb-20 17:26:38 - https://www.utkonos.ru/cat/52 #Pages:77            #Goods:2293       
25-Feb-20 17:26:38 - Category name: Сладости, торты, пирожные, Counter 10
25-Feb-20 17:26:38 - --------------------------------------------------------------------------------------------------------------------------------------------------
25-Feb-20 17:28:10 - --------------------------------------------------------------------------------------------------------------------------------------------------
25-Feb-20 17:28:10 - We have similar 2 <<name=Шоколадный напиток Clavileno, 200г>> in 48   page!!!!!!!!!!!!!
25-Feb-20 17:28:23 - https://www.utkonos.ru/cat/4405 #Pages:55            #Goods:1632       
25-Feb-20 17:28:23 - Category name: Чай, кофе, какао, Counter 11
25-Feb-20 17:28:23 - --------------------------------------------------------------------------------------------------------------------------------------------------
25-Feb-20 17:28:29 - --------------------------------------------------------------------------------------------------------------------------------------------------
25-Feb-20 17:28:29 - We have similar 2 <<name=Йогурт Агуша Яблоко-груша 2,7% с 8-ми месяцев, 200г>> in 1   page!!!!!!!!!!!!!
25-Feb-20 17:28:44 - --------------------------------------------------------------------------------------------------------------------------------------------------
25-Feb-20 17:28:44 - We have similar 2 <<name= Пюре Тема Говядина с 6 месяцев, 100г>> in 5   page!!!!!!!!!!!!!
25-Feb-20 17:28:47 - --------------------------------------------------------------------------------------------------------------------------------------------------
25-Feb-20 17:28:47 - We have similar 2 <<name=Пюре ФрутоНяня гипоаллергенное из груш для детей с 4 месяцев, 90г>> in 6   page!!!!!!!!!!!!!
25-Feb-20 17:28:53 - --------------------------------------------------------------------------------------------------------------------------------------------------
25-Feb-20 17:28:53 - We have similar 2 <<name=Мыло Невская Косметика детское 4*100г>> in 8   page!!!!!!!!!!!!!
25-Feb-20 17:28:53 - --------------------------------------------------------------------------------------------------------------------------------------------------
25-Feb-20 17:28:53 - We have similar 2 <<name=Салфетки Lovular влажные 96 штук>> in 8   page!!!!!!!!!!!!!
25-Feb-20 17:29:02 - --------------------------------------------------------------------------------------------------------------------------------------------------
25-Feb-20 17:29:02 - We have similar 2 <<name=Крем-мыло Ушастый нянь жидкое Алоэ, 500мл>> in 10   page!!!!!!!!!!!!!
25-Feb-20 17:29:07 - --------------------------------------------------------------------------------------------------------------------------------------------------
25-Feb-20 17:29:07 - We have similar 2 <<name=Нектар ФрутоНяня Банан с мякотью с 6 месяцев, 0,2л>> in 11   page!!!!!!!!!!!!!
25-Feb-20 17:29:29 - --------------------------------------------------------------------------------------------------------------------------------------------------
25-Feb-20 17:29:29 - We have similar 2 <<name=Пюре Тема Кролик с 6 месяцев, 100г ж/б>> in 18   page!!!!!!!!!!!!!
25-Feb-20 17:29:42 - --------------------------------------------------------------------------------------------------------------------------------------------------
25-Feb-20 17:29:42 - We have similar 2 <<name=Пюре Hipp кабачок с 4 месяцев, 80г>> in 22   page!!!!!!!!!!!!!
25-Feb-20 17:30:19 - --------------------------------------------------------------------------------------------------------------------------------------------------
25-Feb-20 17:30:19 - We have similar 2 <<name=Влажные салфетки Lovular календула 62шт>> in 34   page!!!!!!!!!!!!!
25-Feb-20 17:31:42 - --------------------------------------------------------------------------------------------------------------------------------------------------
25-Feb-20 17:31:42 - We have similar 2 <<name=Зубная паста R,O,C,S, kids лимон, апельсин, ваниль, для детей от 4 до 7 лет, 45г>> in 55   page!!!!!!!!!!!!!
25-Feb-20 17:33:32 - --------------------------------------------------------------------------------------------------------------------------------------------------
25-Feb-20 17:33:32 - We have similar 2 <<name=Соска-пустышка силиконовая Avent Philips ортодонтическая 6-18 месяцев 2шт>> in 84   page!!!!!!!!!!!!!
25-Feb-20 17:34:20 - --------------------------------------------------------------------------------------------------------------------------------------------------
25-Feb-20 17:34:20 - We have similar 2 <<name=Настольная игра ЯиГрушка "В поисках цвета" 2,0>> in 96   page!!!!!!!!!!!!!
25-Feb-20 17:34:55 - --------------------------------------------------------------------------------------------------------------------------------------------------
25-Feb-20 17:34:55 - We have similar 2 <<name=Игра настольная ЯиГрушка "Пиццадор>> in 106   page!!!!!!!!!!!!!
25-Feb-20 17:35:22 - --------------------------------------------------------------------------------------------------------------------------------------------------
25-Feb-20 17:35:22 - We have similar 2 <<name=Коврик-раскраска ЯиГрушка "Ну, Погоди!" 48*33,5см>> in 113   page!!!!!!!!!!!!!
25-Feb-20 17:35:22 - --------------------------------------------------------------------------------------------------------------------------------------------------
25-Feb-20 17:35:22 - We have similar 2 <<name=Коврик-раскраска ЯиГрушка "Совята" 48*33,5см>> in 113   page!!!!!!!!!!!!!
25-Feb-20 17:36:34 - --------------------------------------------------------------------------------------------------------------------------------------------------
25-Feb-20 17:36:34 - We have similar 2 <<name=Соска Tommee Tippee для бутылочки Close to nature с 0 месяцев, 2шт>> in 131   page!!!!!!!!!!!!!
25-Feb-20 17:36:40 - --------------------------------------------------------------------------------------------------------------------------------------------------
25-Feb-20 17:36:40 - We have similar 2 <<name=Соска-пустышка силиконовая Avent Philips ортодонтическая 0-6 месяцев 2шт>> in 132   page!!!!!!!!!!!!!
25-Feb-20 17:36:40 - --------------------------------------------------------------------------------------------------------------------------------------------------
25-Feb-20 17:36:40 - We have similar 2 <<name=Соска-пустышка силиконовая Avent Philips ортодонтическая 6-18 месяцев 2шт>> in 132   page!!!!!!!!!!!!!
25-Feb-20 17:36:55 - --------------------------------------------------------------------------------------------------------------------------------------------------
25-Feb-20 17:36:55 - We have similar 2 <<name=Бутылочка Tommee Tippee для кормления, 150мл>> in 136   page!!!!!!!!!!!!!
25-Feb-20 17:37:14 - --------------------------------------------------------------------------------------------------------------------------------------------------
25-Feb-20 17:37:14 - We have similar 2 <<name=Игра настольная ЯиГрушка "Остров попугаев>> in 141   page!!!!!!!!!!!!!
25-Feb-20 17:38:00 - --------------------------------------------------------------------------------------------------------------------------------------------------
25-Feb-20 17:38:00 - We have similar 2 <<name=Книга Коллекция новогодних наклеек Изд, Росмэн>> in 153   page!!!!!!!!!!!!!
25-Feb-20 17:38:09 - --------------------------------------------------------------------------------------------------------------------------------------------------
25-Feb-20 17:38:09 - We have similar 2 <<name=Книга Найди и покажи, малыш, Новый год Изд, Clever>> in 155   page!!!!!!!!!!!!!
25-Feb-20 17:38:09 - --------------------------------------------------------------------------------------------------------------------------------------------------
25-Feb-20 17:38:09 - We have similar 2 <<name=Книга Новогодние супернаклейки Изд, Росмэн>> in 155   page!!!!!!!!!!!!!
25-Feb-20 17:38:31 - --------------------------------------------------------------------------------------------------------------------------------------------------
25-Feb-20 17:38:31 - We have similar 2 <<name=Коврик-раскраска ЯиГрушка маленький "Простоквашино" 48х33,5см>> in 160   page!!!!!!!!!!!!!
25-Feb-20 17:38:41 - --------------------------------------------------------------------------------------------------------------------------------------------------
25-Feb-20 17:38:41 - We have similar 2 <<name=Колготки детские Omsa kids Collant Girl 40 Nero 6-8 рост 116-134см>> in 163   page!!!!!!!!!!!!!
25-Feb-20 17:39:12 - --------------------------------------------------------------------------------------------------------------------------------------------------
25-Feb-20 17:39:12 - We have similar 2 <<name=Масло Topfer детское для ухода за кожей с рождения 100мл>> in 170   page!!!!!!!!!!!!!
25-Feb-20 17:39:42 - --------------------------------------------------------------------------------------------------------------------------------------------------
25-Feb-20 17:39:42 - We have similar 2 <<name=Набор игровой 1toy Хома Дома Хомячим на природе>> in 179   page!!!!!!!!!!!!!
25-Feb-20 17:40:36 - --------------------------------------------------------------------------------------------------------------------------------------------------
25-Feb-20 17:40:36 - We have similar 2 <<name=Подгузники-трусики для мальчиков Huggies 3 (7-11 кг, 19 штук)>> in 194   page!!!!!!!!!!!!!
25-Feb-20 17:40:48 - --------------------------------------------------------------------------------------------------------------------------------------------------
25-Feb-20 17:40:48 - We have similar 2 <<name=Смесь для купания Topfer детская с отрубями и органическим маслом оливы с рождения 0,25кг>> in 197   page!!!!!!!!!!!!!
25-Feb-20 17:40:51 - --------------------------------------------------------------------------------------------------------------------------------------------------
25-Feb-20 17:40:51 - We have similar 2 <<name=Соска Tommee Tippee для антиколиковой бутылочки Close to nature, 2шт>> in 198   page!!!!!!!!!!!!!
25-Feb-20 17:40:54 - --------------------------------------------------------------------------------------------------------------------------------------------------
25-Feb-20 17:40:54 - We have similar 2 <<name=Соска-пустышка силиконовая Avent Philips ортодонтическая 0-6 месяцев 2шт>> in 199   page!!!!!!!!!!!!!
25-Feb-20 17:40:54 - --------------------------------------------------------------------------------------------------------------------------------------------------
25-Feb-20 17:40:54 - We have similar 2 <<name=Трансформер 2в1 Bondibon Мы роботы космические машины>> in 199   page!!!!!!!!!!!!!
25-Feb-20 17:41:13 - https://www.utkonos.ru/cat/907 #Pages:204           #Goods:6102       
25-Feb-20 17:41:13 - Category name: Детское питание, уход, игрушки, Counter 12
25-Feb-20 17:41:13 - --------------------------------------------------------------------------------------------------------------------------------------------------
25-Feb-20 17:42:10 - https://www.utkonos.ru/cat/98 #Pages:35            #Goods:1038       
25-Feb-20 17:42:10 - Category name: Замороженные продукты, мороженое, Counter 13
25-Feb-20 17:42:10 - --------------------------------------------------------------------------------------------------------------------------------------------------
25-Feb-20 17:42:26 - https://www.utkonos.ru/cat/4472 #Pages:11            #Goods:327        
25-Feb-20 17:42:26 - Category name: Готовые блюда, наборы для приготовления, Counter 14
25-Feb-20 17:42:26 - --------------------------------------------------------------------------------------------------------------------------------------------------
25-Feb-20 17:44:17 - --------------------------------------------------------------------------------------------------------------------------------------------------
25-Feb-20 17:44:17 - We have similar 2 <<name=Шоколадный напиток Clavileno, 200г>> in 54   page!!!!!!!!!!!!!
25-Feb-20 17:44:26 - https://www.utkonos.ru/cat/4494 #Pages:58            #Goods:1736       
25-Feb-20 17:44:26 - Category name: Здоровое питание, экологичные товары, Counter 15
25-Feb-20 17:44:26 - --------------------------------------------------------------------------------------------------------------------------------------------------
25-Feb-20 17:44:43 - https://www.utkonos.ru/cat/5249 #Pages:13            #Goods:381        
25-Feb-20 17:44:43 - Category name: ВкусВилл, Counter 16
25-Feb-20 17:44:43 - --------------------------------------------------------------------------------------------------------------------------------------------------
25-Feb-20 17:46:33 - https://www.utkonos.ru/cat/248 #Pages:60            #Goods:1794       
25-Feb-20 17:46:33 - Category name: Стирка, уборка, уход за обувью, Counter 17
25-Feb-20 17:46:33 - --------------------------------------------------------------------------------------------------------------------------------------------------
25-Feb-20 17:52:55 - --------------------------------------------------------------------------------------------------------------------------------------------------
25-Feb-20 17:52:55 - We have similar 2 <<name=Набор подарочный Le Petit Marseillais Гель для душа 0,25л и мыло 90г>> in 117   page!!!!!!!!!!!!!
25-Feb-20 17:56:01 - https://www.utkonos.ru/cat/1722 #Pages:170           #Goods:5071       
25-Feb-20 17:56:01 - Category name: Косметика, личная гигиена, Counter 18
25-Feb-20 17:56:01 - --------------------------------------------------------------------------------------------------------------------------------------------------
25-Feb-20 17:56:31 - --------------------------------------------------------------------------------------------------------------------------------------------------
25-Feb-20 17:56:31 - We have similar 2 <<name=Корм для кошек Whiskas мини-филе говядина желе 24*85г>> in 10   page!!!!!!!!!!!!!
25-Feb-20 17:56:55 - --------------------------------------------------------------------------------------------------------------------------------------------------
25-Feb-20 17:56:55 - We have similar 2 <<name=Корм для кошек Hill's Ideal Balance Томленая курица 85г*12шт>> in 22   page!!!!!!!!!!!!!
25-Feb-20 17:57:45 - --------------------------------------------------------------------------------------------------------------------------------------------------
25-Feb-20 17:57:45 - We have similar 2 <<name=Корм сухой беззерновой Pro Plan(R) Optidigest(R) Grain Free Formula для взрослых собак средних и крупных пород с чувстви>> in 42   page!!!!!!!!!!!!!
25-Feb-20 17:57:45 - --------------------------------------------------------------------------------------------------------------------------------------------------
25-Feb-20 17:57:45 - We have similar 3 <<name=Корм сухой беззерновой Pro Plan(R) Optidigest(R) Grain Free Formula для взрослых собак средних и крупных пород с чувстви>> in 42   page!!!!!!!!!!!!!
25-Feb-20 17:58:14 - --------------------------------------------------------------------------------------------------------------------------------------------------
25-Feb-20 17:58:14 - We have similar 2 <<name=Корм сухой Pro Plan Optidigest(R) для взрослых собак крупных пород с атлетическим телосложением с чувствительным пищевар>> in 58   page!!!!!!!!!!!!!
25-Feb-20 17:58:14 - --------------------------------------------------------------------------------------------------------------------------------------------------
25-Feb-20 17:58:14 - We have similar 2 <<name=Корм сухой Pro Plan Optidigest(R) для взрослых собак мелких и карликовых пород с чувствительным пищеварением с ягненком>> in 58   page!!!!!!!!!!!!!
25-Feb-20 17:58:35 - --------------------------------------------------------------------------------------------------------------------------------------------------
25-Feb-20 17:58:35 - We have similar 2 <<name=Корм сухой Pro Plan Optidigest(R) для взрослых собак крупных пород с мощным телосложением с чувствительным пищеварением>> in 68   page!!!!!!!!!!!!!
25-Feb-20 17:58:37 - --------------------------------------------------------------------------------------------------------------------------------------------------
25-Feb-20 17:58:37 - We have similar 2 <<name=Корм сухой беззерновой Pro Plan(R) Optidigest(R) Grain Free Formula для взрослых собак мелких и карликовых пород с чувст>> in 69   page!!!!!!!!!!!!!
25-Feb-20 17:58:37 - --------------------------------------------------------------------------------------------------------------------------------------------------
25-Feb-20 17:58:37 - We have similar 3 <<name=Корм сухой беззерновой Pro Plan(R) Optidigest(R) Grain Free Formula для взрослых собак мелких и карликовых пород с чувст>> in 69   page!!!!!!!!!!!!!
25-Feb-20 17:58:41 - https://www.utkonos.ru/cat/421 #Pages:71            #Goods:2114       
25-Feb-20 17:58:41 - Category name: Зоомагазин, Counter 19
25-Feb-20 17:58:41 - --------------------------------------------------------------------------------------------------------------------------------------------------
25-Feb-20 18:00:58 - --------------------------------------------------------------------------------------------------------------------------------------------------
25-Feb-20 18:00:58 - We have similar 2 <<name=Керамическая банка с крышкой Guffman голубая маленькая 0,6л>> in 46   page!!!!!!!!!!!!!
25-Feb-20 18:01:03 - --------------------------------------------------------------------------------------------------------------------------------------------------
25-Feb-20 18:01:03 - We have similar 2 <<name=Коврик L'Cadesi для ванной Lemis синий 50*80см>> in 47   page!!!!!!!!!!!!!
25-Feb-20 18:01:21 - --------------------------------------------------------------------------------------------------------------------------------------------------
25-Feb-20 18:01:21 - We have similar 2 <<name=Обувь домашняя De Fonseca Roma Top мужская цвет синий размер 40/41>> in 53   page!!!!!!!!!!!!!
25-Feb-20 18:01:21 - --------------------------------------------------------------------------------------------------------------------------------------------------
25-Feb-20 18:01:21 - We have similar 2 <<name=Обувь домашняя De Fonseca Roma Top мужская цвет синий размер 42/43>> in 53   page!!!!!!!!!!!!!
25-Feb-20 18:01:21 - --------------------------------------------------------------------------------------------------------------------------------------------------
25-Feb-20 18:01:21 - We have similar 2 <<name=Обувь домашняя De Fonseca Roma Top мужская цвет синий размер 44/45>> in 53   page!!!!!!!!!!!!!
25-Feb-20 18:01:23 - --------------------------------------------------------------------------------------------------------------------------------------------------
25-Feb-20 18:01:23 - We have similar 2 <<name=Плед Verossa 150*190>> in 54   page!!!!!!!!!!!!!
25-Feb-20 18:01:28 - --------------------------------------------------------------------------------------------------------------------------------------------------
25-Feb-20 18:01:28 - We have similar 2 <<name=Полотенце Verossa Stripe 50*90>> in 55   page!!!!!!!!!!!!!
25-Feb-20 18:01:48 - --------------------------------------------------------------------------------------------------------------------------------------------------
25-Feb-20 18:01:48 - We have similar 2 <<name=Керамическая банка с крышкой Guffman розовая маленькая 0,6л>> in 62   page!!!!!!!!!!!!!
25-Feb-20 18:01:48 - --------------------------------------------------------------------------------------------------------------------------------------------------
25-Feb-20 18:01:48 - We have similar 2 <<name=Керамическая банка с крышкой Guffman розовая большая 1л>> in 62   page!!!!!!!!!!!!!
25-Feb-20 18:01:57 - --------------------------------------------------------------------------------------------------------------------------------------------------
25-Feb-20 18:01:57 - We have similar 2 <<name=Комплект постельного белья Волшебная Ночь Frame 1,5 спальный>> in 66   page!!!!!!!!!!!!!
25-Feb-20 18:02:22 - --------------------------------------------------------------------------------------------------------------------------------------------------
25-Feb-20 18:02:22 - We have similar 2 <<name=Плед Verossa 180*190>> in 73   page!!!!!!!!!!!!!
25-Feb-20 18:02:22 - --------------------------------------------------------------------------------------------------------------------------------------------------
25-Feb-20 18:02:22 - We have similar 3 <<name=Плед Verossa 180*190>> in 73   page!!!!!!!!!!!!!
25-Feb-20 18:02:22 - --------------------------------------------------------------------------------------------------------------------------------------------------
25-Feb-20 18:02:22 - We have similar 4 <<name=Плед Verossa 180*190>> in 73   page!!!!!!!!!!!!!
25-Feb-20 18:02:22 - --------------------------------------------------------------------------------------------------------------------------------------------------
25-Feb-20 18:02:22 - We have similar 2 <<name=Плед Verossa 220*190>> in 73   page!!!!!!!!!!!!!
25-Feb-20 18:02:25 - --------------------------------------------------------------------------------------------------------------------------------------------------
25-Feb-20 18:02:25 - We have similar 2 <<name=Подушка Primavelle Camel 50*72см>> in 74   page!!!!!!!!!!!!!
25-Feb-20 18:02:36 - --------------------------------------------------------------------------------------------------------------------------------------------------
25-Feb-20 18:02:36 - We have similar 2 <<name=Фонарь Energizer налобный светодиодный>> in 78   page!!!!!!!!!!!!!
25-Feb-20 18:02:36 - --------------------------------------------------------------------------------------------------------------------------------------------------
25-Feb-20 18:02:36 - We have similar 2 <<name=Фонарь налобный GP Batteries>> in 78   page!!!!!!!!!!!!!
25-Feb-20 18:02:36 - --------------------------------------------------------------------------------------------------------------------------------------------------
25-Feb-20 18:02:36 - We have similar 3 <<name=Фонарь налобный GP Batteries>> in 78   page!!!!!!!!!!!!!
25-Feb-20 18:02:40 - https://www.utkonos.ru/cat/320 #Pages:80            #Goods:3022       
25-Feb-20 18:02:40 - Category name: Товары для дома, дачи, авто, Counter 20
25-Feb-20 18:02:40 - --------------------------------------------------------------------------------------------------------------------------------------------------
25-Feb-20 18:02:55 - https://www.utkonos.ru/cat/5762 #Pages:11            #Goods:318        
25-Feb-20 18:02:55 - Category name: Спортивное питание, аксессуары, Counter 21
25-Feb-20 18:02:55 - --------------------------------------------------------------------------------------------------------------------------------------------------
25-Feb-20 18:03:44 - --------------------------------------------------------------------------------------------------------------------------------------------------
25-Feb-20 18:03:44 - We have similar 2 <<name=Ежедневник Mazari недатированный Россия3 А6 256 страниц твердая обложка>> in 23   page!!!!!!!!!!!!!
25-Feb-20 18:03:44 - --------------------------------------------------------------------------------------------------------------------------------------------------
25-Feb-20 18:03:44 - We have similar 2 <<name=Календарь настенный 2020 год Гарри Поттер Изд, Эксмо>> in 23   page!!!!!!!!!!!!!
25-Feb-20 18:03:44 - --------------------------------------------------------------------------------------------------------------------------------------------------
25-Feb-20 18:03:44 - We have similar 2 <<name=Календарь настенный 2020 год Гравити Фолз Изд, Эксмо>> in 23   page!!!!!!!!!!!!!
25-Feb-20 18:03:50 - --------------------------------------------------------------------------------------------------------------------------------------------------
25-Feb-20 18:03:50 - We have similar 2 <<name=Набор пишущих принадлежностей Attache Ручка шариковая и автокарандаш>> in 26   page!!!!!!!!!!!!!
25-Feb-20 18:04:16 - --------------------------------------------------------------------------------------------------------------------------------------------------
25-Feb-20 18:04:16 - We have similar 2 <<name=Пенал на молнии Tiger Enterprise 25 предметов, 22x15см>> in 39   page!!!!!!!!!!!!!
25-Feb-20 18:04:24 - https://www.utkonos.ru/cat/5542 #Pages:42            #Goods:1252       
25-Feb-20 18:04:24 - Category name: Канцтовары, все для праздника,  журналы, Counter 22
25-Feb-20 18:04:24 - --------------------------------------------------------------------------------------------------------------------------------------------------
25-Feb-20 18:06:30 - https://www.utkonos.ru/cat/606 #Pages:51            #Goods:1617       
25-Feb-20 18:06:30 - Category name: Аптека, Counter 23
25-Feb-20 18:06:30 - --------------------------------------------------------------------------------------------------------------------------------------------------
25-Feb-20 18:10:44 - https://www.utkonos.ru/cat/681 #Pages:107           #Goods:3203       
25-Feb-20 18:10:44 - Category name: Любимые бренды, Counter 24
25-Feb-20 18:10:44 - --------------------------------------------------------------------------------------------------------------------------------------------------
